<?xml version="1.0" encoding="UTF-8"?>
<!-- Generated by org.testng.reporters.JUnitReportReporter -->
<testsuite hostname="DELL-LAPTOP" failures="0" tests="5" name="LoginPageTestCases" time="13.150" errors="0" timestamp="2023-12-08T21:01:22 EET" skipped="0">
  <testcase classname="LoginPageTestCases" name="invalid_username_invalid_password" time="1.871"/>
  <system-out/>
  <testcase classname="LoginPageTestCases" name="invalid_username_valid_password" time="1.816"/>
  <system-out/>
  <testcase classname="LoginPageTestCases" name="valid_username_invalid_password" time="2.492"/>
  <system-out/>
  <testcase classname="LoginPageTestCases" name="empty_username_empty_password" time="1.893"/>
  <system-out/>
  <testcase classname="LoginPageTestCases" name="valid_username_valid_password" time="5.078"/>
  <system-out/>
</testsuite> <!-- LoginPageTestCases -->
