<?xml version="1.0" encoding="UTF-8"?>
<!-- Generated by org.testng.reporters.JUnitReportReporter -->
<testsuite hostname="DELL-LAPTOP" failures="0" tests="1" name="TestFooter" time="0.595" errors="0" timestamp="2023-12-04T16:51:04 EET" skipped="0">
  <testcase classname="TestFooter" name="test1" time="0.595"/>
  <system-out/>
</testsuite> <!-- TestFooter -->
