<?xml version="1.0" encoding="UTF-8"?>
<!-- Generated by org.testng.reporters.JUnitReportReporter -->
<testsuite hostname="DELL-LAPTOP" failures="0" tests="4" name="LoginPage" time="14.014" errors="0" timestamp="2023-12-07T15:40:01 EET" skipped="0">
  <testcase classname="LoginPage" name="invalid_username_invalid_password" time="2.972"/>
  <system-out/>
  <testcase classname="LoginPage" name="valid_username_invalid_password" time="4.038"/>
  <system-out/>
  <testcase classname="LoginPage" name="invalid_username_valid_password" time="3.197"/>
  <system-out/>
  <testcase classname="LoginPage" name="valid_username_valid_password" time="3.807"/>
  <system-out/>
</testsuite> <!-- LoginPage -->
