<?xml version="1.0" encoding="UTF-8"?>
<!-- Generated by org.testng.reporters.JUnitReportReporter -->
<testsuite hostname="DELL-LAPTOP" failures="0" tests="1" name="LoginPagePOM" time="11.768" errors="0" timestamp="2023-12-08T19:13:19 EET" skipped="0">
  <testcase classname="LoginPagePOM" name="invalid_username_invalid_password" time="11.768"/>
  <system-out/>
</testsuite> <!-- LoginPagePOM -->
